2025-01-16 16:10:45 - INFO - Working on Que 01 ...
2025-01-16 16:10:46 - INFO - Requesting GPT to Curate Question
2025-01-16 16:10:46 - ERROR - Traceback (most recent call last):
2025-01-16 16:10:46 - ERROR - File "D:\NxtWave\Coding-Question-Replicator\main.py", line 53, in <module>
2025-01-16 16:10:46 - ERROR - curator.curate(question_context.get('context'), question_context.get('file_name'), question_context.get('difficulty'), question_context.get('sub_topic'))
2025-01-16 16:10:46 - ERROR - File "D:\NxtWave\Coding-Question-Replicator\process_automation\curator.py", line 53, in curate
2025-01-16 16:10:46 - ERROR - print(agent.generate_question(self.MODEL_NAME, question))
2025-01-16 16:10:46 - ERROR - ^
2025-01-16 16:10:46 - ERROR - ^
2025-01-16 16:10:46 - ERROR - ^
2025-01-16 16:10:46 - ERROR - ^
2025-01-16 16:10:46 - ERROR - ^
2025-01-16 16:10:46 - ERROR - ^
2025-01-16 16:10:46 - ERROR - ^
2025-01-16 16:10:46 - ERROR - ^
2025-01-16 16:10:46 - ERROR - ^
2025-01-16 16:10:46 - ERROR - ^
2025-01-16 16:10:46 - ERROR - ^
2025-01-16 16:10:46 - ERROR - ^
2025-01-16 16:10:46 - ERROR - ^
2025-01-16 16:10:46 - ERROR - ^
2025-01-16 16:10:46 - ERROR - ^
2025-01-16 16:10:46 - ERROR - ^
2025-01-16 16:10:46 - ERROR - ^
2025-01-16 16:10:46 - ERROR - ^
2025-01-16 16:10:46 - ERROR - ^
2025-01-16 16:10:46 - ERROR - ^
2025-01-16 16:10:46 - ERROR - ^
2025-01-16 16:10:46 - ERROR - ^
2025-01-16 16:10:46 - ERROR - ^
2025-01-16 16:10:46 - ERROR - ^
2025-01-16 16:10:46 - ERROR - ^
2025-01-16 16:10:46 - ERROR - ^
2025-01-16 16:10:46 - ERROR - ^
2025-01-16 16:10:46 - ERROR - ^
2025-01-16 16:10:46 - ERROR - ^
2025-01-16 16:10:46 - ERROR - ^
2025-01-16 16:10:46 - ERROR - ^
2025-01-16 16:10:46 - ERROR - ^
2025-01-16 16:10:46 - ERROR - ^
2025-01-16 16:10:46 - ERROR - ^
2025-01-16 16:10:46 - ERROR - ^
2025-01-16 16:10:46 - ERROR - ^
2025-01-16 16:10:46 - ERROR - ^
2025-01-16 16:10:46 - ERROR - ^
2025-01-16 16:10:46 - ERROR - ^
2025-01-16 16:10:46 - ERROR - ^
2025-01-16 16:10:46 - ERROR - ^
2025-01-16 16:10:46 - ERROR - ^
2025-01-16 16:10:46 - ERROR - ^
2025-01-16 16:10:46 - ERROR - ^
2025-01-16 16:10:46 - ERROR - ^
2025-01-16 16:10:46 - ERROR - ^
2025-01-16 16:10:46 - ERROR - ^
2025-01-16 16:10:46 - ERROR - ^
2025-01-16 16:10:46 - ERROR - ^
2025-01-16 16:10:46 - ERROR - ^
2025-01-16 16:10:46 - ERROR - File "D:\NxtWave\Coding-Question-Replicator\process_automation\gpt_connect.py", line 91, in generate_question
2025-01-16 16:10:46 - ERROR - "content": self.prompt.prompt_for_question(question),
2025-01-16 16:10:46 - ERROR - ^
2025-01-16 16:10:46 - ERROR - ^
2025-01-16 16:10:46 - ERROR - ^
2025-01-16 16:10:46 - ERROR - ^
2025-01-16 16:10:46 - ERROR - ^
2025-01-16 16:10:46 - ERROR - ^
2025-01-16 16:10:46 - ERROR - ^
2025-01-16 16:10:46 - ERROR - ^
2025-01-16 16:10:46 - ERROR - ^
2025-01-16 16:10:46 - ERROR - ^
2025-01-16 16:10:46 - ERROR - ^
2025-01-16 16:10:46 - ERROR - ^
2025-01-16 16:10:46 - ERROR - ^
2025-01-16 16:10:46 - ERROR - ^
2025-01-16 16:10:46 - ERROR - ^
2025-01-16 16:10:46 - ERROR - ^
2025-01-16 16:10:46 - ERROR - ^
2025-01-16 16:10:46 - ERROR - ^
2025-01-16 16:10:46 - ERROR - ^
2025-01-16 16:10:46 - ERROR - ^
2025-01-16 16:10:46 - ERROR - ^
2025-01-16 16:10:46 - ERROR - ^
2025-01-16 16:10:46 - ERROR - ^
2025-01-16 16:10:46 - ERROR - ^
2025-01-16 16:10:46 - ERROR - ^
2025-01-16 16:10:46 - ERROR - ^
2025-01-16 16:10:46 - ERROR - ^
2025-01-16 16:10:46 - ERROR - ^
2025-01-16 16:10:46 - ERROR - ^
2025-01-16 16:10:46 - ERROR - ^
2025-01-16 16:10:46 - ERROR - ^
2025-01-16 16:10:46 - ERROR - ^
2025-01-16 16:10:46 - ERROR - ^
2025-01-16 16:10:46 - ERROR - ^
2025-01-16 16:10:46 - ERROR - ^
2025-01-16 16:10:46 - ERROR - ^
2025-01-16 16:10:46 - ERROR - ^
2025-01-16 16:10:46 - ERROR - ^
2025-01-16 16:10:46 - ERROR - ^
2025-01-16 16:10:46 - ERROR - ^
2025-01-16 16:10:46 - ERROR - ^
2025-01-16 16:10:46 - ERROR - File "D:\NxtWave\Coding-Question-Replicator\process_automation\gpt_prompt.py", line 28, in prompt_for_question
2025-01-16 16:10:46 - ERROR - return f.read().format(question_context=context)
2025-01-16 16:10:46 - ERROR - ^
2025-01-16 16:10:46 - ERROR - ^
2025-01-16 16:10:46 - ERROR - ^
2025-01-16 16:10:46 - ERROR - ^
2025-01-16 16:10:46 - ERROR - ^
2025-01-16 16:10:46 - ERROR - ^
2025-01-16 16:10:46 - ERROR - ^
2025-01-16 16:10:46 - ERROR - ^
2025-01-16 16:10:46 - ERROR - ^
2025-01-16 16:10:46 - ERROR - ^
2025-01-16 16:10:46 - ERROR - ^
2025-01-16 16:10:46 - ERROR - ^
2025-01-16 16:10:46 - ERROR - ^
2025-01-16 16:10:46 - ERROR - ^
2025-01-16 16:10:46 - ERROR - ^
2025-01-16 16:10:46 - ERROR - ^
2025-01-16 16:10:46 - ERROR - ^
2025-01-16 16:10:46 - ERROR - ^
2025-01-16 16:10:46 - ERROR - ^
2025-01-16 16:10:46 - ERROR - ^
2025-01-16 16:10:46 - ERROR - ^
2025-01-16 16:10:46 - ERROR - ^
2025-01-16 16:10:46 - ERROR - ^
2025-01-16 16:10:46 - ERROR - ^
2025-01-16 16:10:46 - ERROR - ^
2025-01-16 16:10:46 - ERROR - ^
2025-01-16 16:10:46 - ERROR - ^
2025-01-16 16:10:46 - ERROR - ^
2025-01-16 16:10:46 - ERROR - ^
2025-01-16 16:10:46 - ERROR - ^
2025-01-16 16:10:46 - ERROR - ^
2025-01-16 16:10:46 - ERROR - ^
2025-01-16 16:10:46 - ERROR - ^
2025-01-16 16:10:46 - ERROR - ^
2025-01-16 16:10:46 - ERROR - ^
2025-01-16 16:10:46 - ERROR - ^
2025-01-16 16:10:46 - ERROR - ^
2025-01-16 16:10:46 - ERROR - ^
2025-01-16 16:10:46 - ERROR - ^
2025-01-16 16:10:46 - ERROR - ^
2025-01-16 16:10:46 - ERROR - ^
2025-01-16 16:10:46 - ERROR - KeyError
2025-01-16 16:10:46 - ERROR - :
2025-01-16 16:10:46 - ERROR - '\n    "title"'
